<?xml version="1.0" encoding="utf-8"?>
<coverage line-rate="1" branch-rate="0.9821" version="1.9" timestamp="1779485585" lines-covered="172" lines-valid="172" branches-covered="55" branches-valid="56">
  <sources>
    <source>/Users/andreymarchenko/Desktop/Projects/HabitTracker/src/HabitTracker.Services/</source>
  </sources>
  <packages>
    <package name="HabitTracker.Services" line-rate="1" branch-rate="0.9821" complexity="75">
      <classes>
        <class name="HabitTracker.Services.AnalyticsService" filename="AnalyticsService.cs" line-rate="1" branch-rate="1" complexity="1">
          <methods>
            <method name=".ctor" signature="(HabitTracker.Core.Interfaces.IHabitEntryRepository,HabitTracker.Core.Interfaces.IHabitRepository)" line-rate="1" branch-rate="1" complexity="1">
              <lines>
                <line number="11" hits="20" branch="False" />
                <line number="12" hits="20" branch="False" />
                <line number="13" hits="20" branch="False" />
                <line number="14" hits="20" branch="False" />
                <line number="15" hits="20" branch="False" />
              </lines>
            </method>
          </methods>
          <lines>
            <line number="11" hits="20" branch="False" />
            <line number="12" hits="20" branch="False" />
            <line number="13" hits="20" branch="False" />
            <line number="14" hits="20" branch="False" />
            <line number="15" hits="20" branch="False" />
          </lines>
        </class>
        <class name="HabitTracker.Services.AnalyticsService/&lt;&gt;c" filename="AnalyticsService.cs" line-rate="1" branch-rate="1" complexity="12">
          <methods>
            <method name="&lt;GetCompletionRateAsync&gt;b__3_0" signature="(HabitTracker.Core.Models.HabitEntry)" line-rate="1" branch-rate="1" complexity="1">
              <lines>
                <line number="22" hits="12" branch="False" />
              </lines>
            </method>
            <method name="&lt;GetCurrentStreakAsync&gt;b__4_0" signature="(HabitTracker.Core.Models.HabitEntry)" line-rate="1" branch-rate="1" complexity="1">
              <lines>
                <line number="29" hits="12" branch="False" />
              </lines>
            </method>
            <method name="&lt;GetCurrentStreakAsync&gt;b__4_1" signature="(HabitTracker.Core.Models.HabitEntry)" line-rate="1" branch-rate="1" complexity="1">
              <lines>
                <line number="30" hits="11" branch="False" />
              </lines>
            </method>
            <method name="&lt;GetBestStreakAsync&gt;b__5_0" signature="(HabitTracker.Core.Models.HabitEntry)" line-rate="1" branch-rate="1" complexity="1">
              <lines>
                <line number="48" hits="17" branch="False" />
              </lines>
            </method>
            <method name="&lt;GetHabitCompletionRatesAsync&gt;b__6_0" signature="(HabitTracker.Core.Models.HabitEntry)" line-rate="1" branch-rate="1" complexity="4">
              <lines>
                <line number="75" hits="9" branch="True" condition-coverage="100% (4/4)">
                  <conditions>
                    <condition number="7" type="jump" coverage="100%" />
                    <condition number="19" type="jump" coverage="100%" />
                  </conditions>
                </line>
              </lines>
            </method>
            <method name="&lt;GetHabitCompletionRatesAsync&gt;b__6_1" signature="(HabitTracker.Core.Models.HabitEntry)" line-rate="1" branch-rate="1" complexity="1">
              <lines>
                <line number="79" hits="9" branch="False" />
              </lines>
            </method>
            <method name="&lt;GetDailyCompletionCountsAsync&gt;b__7_0" signature="(HabitTracker.Core.Models.HabitEntry)" line-rate="1" branch-rate="1" complexity="1">
              <lines>
                <line number="92" hits="6" branch="False" />
              </lines>
            </method>
            <method name="&lt;GetDailyCompletionCountsAsync&gt;b__7_1" signature="(HabitTracker.Core.Models.HabitEntry)" line-rate="1" branch-rate="1" complexity="1">
              <lines>
                <line number="93" hits="5" branch="False" />
              </lines>
            </method>
            <method name="&lt;GetDailyCompletionCountsAsync&gt;b__7_2" signature="(System.Linq.IGrouping`2&lt;System.DateTime,HabitTracker.Core.Models.HabitEntry&gt;)" line-rate="1" branch-rate="1" complexity="1">
              <lines>
                <line number="94" hits="9" branch="False" />
              </lines>
            </method>
          </methods>
          <lines>
            <line number="22" hits="12" branch="False" />
            <line number="29" hits="12" branch="False" />
            <line number="30" hits="11" branch="False" />
            <line number="48" hits="17" branch="False" />
            <line number="75" hits="9" branch="True" condition-coverage="100% (4/4)">
              <conditions>
                <condition number="7" type="jump" coverage="100%" />
                <condition number="19" type="jump" coverage="100%" />
              </conditions>
            </line>
            <line number="79" hits="9" branch="False" />
            <line number="92" hits="6" branch="False" />
            <line number="93" hits="5" branch="False" />
            <line number="94" hits="9" branch="False" />
          </lines>
        </class>
        <class name="HabitTracker.Services.AnalyticsService/&lt;GetBestStreakAsync&gt;d__5" filename="AnalyticsService.cs" line-rate="1" branch-rate="1" complexity="6">
          <methods>
            <method name="MoveNext" signature="()" line-rate="1" branch-rate="1" complexity="6">
              <lines>
                <line number="46" hits="4" branch="False" />
                <line number="47" hits="4" branch="False" />
                <line number="50" hits="4" branch="False" />
                <line number="51" hits="4" branch="False" />
                <line number="53" hits="38" branch="True" condition-coverage="100% (2/2)">
                  <conditions>
                    <condition number="355" type="jump" coverage="100%" />
                  </conditions>
                </line>
                <line number="54" hits="13" branch="False" />
                <line number="55" hits="13" branch="True" condition-coverage="100% (2/2)">
                  <conditions>
                    <condition number="271" type="jump" coverage="100%" />
                  </conditions>
                </line>
                <line number="56" hits="9" branch="False" />
                <line number="57" hits="9" branch="False" />
                <line number="58" hits="16" branch="True" condition-coverage="100% (2/2)">
                  <conditions>
                    <condition number="310" type="jump" coverage="100%" />
                  </conditions>
                </line>
                <line number="59" hits="9" branch="False" />
                <line number="61" hits="4" branch="False" />
                <line number="62" hits="4" branch="False" />
                <line number="63" hits="4" branch="False" />
                <line number="64" hits="13" branch="False" />
                <line number="66" hits="4" branch="False" />
                <line number="67" hits="4" branch="False" />
              </lines>
            </method>
          </methods>
          <lines>
            <line number="46" hits="4" branch="False" />
            <line number="47" hits="4" branch="False" />
            <line number="50" hits="4" branch="False" />
            <line number="51" hits="4" branch="False" />
            <line number="53" hits="38" branch="True" condition-coverage="100% (2/2)">
              <conditions>
                <condition number="355" type="jump" coverage="100%" />
              </conditions>
            </line>
            <line number="54" hits="13" branch="False" />
            <line number="55" hits="13" branch="True" condition-coverage="100% (2/2)">
              <conditions>
                <condition number="271" type="jump" coverage="100%" />
              </conditions>
            </line>
            <line number="56" hits="9" branch="False" />
            <line number="57" hits="9" branch="False" />
            <line number="58" hits="16" branch="True" condition-coverage="100% (2/2)">
              <conditions>
                <condition number="310" type="jump" coverage="100%" />
              </conditions>
            </line>
            <line number="59" hits="9" branch="False" />
            <line number="61" hits="4" branch="False" />
            <line number="62" hits="4" branch="False" />
            <line number="63" hits="4" branch="False" />
            <line number="64" hits="13" branch="False" />
            <line number="66" hits="4" branch="False" />
            <line number="67" hits="4" branch="False" />
          </lines>
        </class>
        <class name="HabitTracker.Services.AnalyticsService/&lt;GetCompletionRateAsync&gt;d__3" filename="AnalyticsService.cs" line-rate="1" branch-rate="1" complexity="2">
          <methods>
            <method name="MoveNext" signature="()" line-rate="1" branch-rate="1" complexity="2">
              <lines>
                <line number="18" hits="4" branch="False" />
                <line number="19" hits="4" branch="False" />
                <line number="20" hits="5" branch="True" condition-coverage="100% (2/2)">
                  <conditions>
                    <condition number="181" type="jump" coverage="100%" />
                  </conditions>
                </line>
                <line number="23" hits="4" branch="False" />
              </lines>
            </method>
          </methods>
          <lines>
            <line number="18" hits="4" branch="False" />
            <line number="19" hits="4" branch="False" />
            <line number="20" hits="5" branch="True" condition-coverage="100% (2/2)">
              <conditions>
                <condition number="181" type="jump" coverage="100%" />
              </conditions>
            </line>
            <line number="23" hits="4" branch="False" />
          </lines>
        </class>
        <class name="HabitTracker.Services.AnalyticsService/&lt;GetCurrentStreakAsync&gt;d__4" filename="AnalyticsService.cs" line-rate="1" branch-rate="1" complexity="4">
          <methods>
            <method name="MoveNext" signature="()" line-rate="1" branch-rate="1" complexity="4">
              <lines>
                <line number="26" hits="6" branch="False" />
                <line number="27" hits="6" branch="False" />
                <line number="28" hits="6" branch="False" />
                <line number="31" hits="6" branch="False" />
                <line number="33" hits="6" branch="False" />
                <line number="34" hits="34" branch="True" condition-coverage="100% (2/2)">
                  <conditions>
                    <condition number="343" type="jump" coverage="100%" />
                  </conditions>
                </line>
                <line number="35" hits="9" branch="False" />
                <line number="36" hits="9" branch="True" condition-coverage="100% (2/2)">
                  <conditions>
                    <condition number="300" type="jump" coverage="100%" />
                  </conditions>
                </line>
                <line number="37" hits="7" branch="False" />
                <line number="39" hits="2" branch="False" />
                <line number="40" hits="7" branch="False" />
                <line number="42" hits="6" branch="False" />
                <line number="43" hits="6" branch="False" />
              </lines>
            </method>
          </methods>
          <lines>
            <line number="26" hits="6" branch="False" />
            <line number="27" hits="6" branch="False" />
            <line number="28" hits="6" branch="False" />
            <line number="31" hits="6" branch="False" />
            <line number="33" hits="6" branch="False" />
            <line number="34" hits="34" branch="True" condition-coverage="100% (2/2)">
              <conditions>
                <condition number="343" type="jump" coverage="100%" />
              </conditions>
            </line>
            <line number="35" hits="9" branch="False" />
            <line number="36" hits="9" branch="True" condition-coverage="100% (2/2)">
              <conditions>
                <condition number="300" type="jump" coverage="100%" />
              </conditions>
            </line>
            <line number="37" hits="7" branch="False" />
            <line number="39" hits="2" branch="False" />
            <line number="40" hits="7" branch="False" />
            <line number="42" hits="6" branch="False" />
            <line number="43" hits="6" branch="False" />
          </lines>
        </class>
        <class name="HabitTracker.Services.AnalyticsService/&lt;GetDailyCompletionCountsAsync&gt;d__7" filename="AnalyticsService.cs" line-rate="1" branch-rate="1" complexity="1">
          <methods>
            <method name="MoveNext" signature="()" line-rate="1" branch-rate="1" complexity="1">
              <lines>
                <line number="88" hits="3" branch="False" />
                <line number="89" hits="3" branch="False" />
                <line number="91" hits="3" branch="False" />
                <line number="95" hits="3" branch="False" />
              </lines>
            </method>
          </methods>
          <lines>
            <line number="88" hits="3" branch="False" />
            <line number="89" hits="3" branch="False" />
            <line number="91" hits="3" branch="False" />
            <line number="95" hits="3" branch="False" />
          </lines>
        </class>
        <class name="HabitTracker.Services.AnalyticsService/&lt;GetHabitCompletionRatesAsync&gt;d__6" filename="AnalyticsService.cs" line-rate="1" branch-rate="0.75" complexity="4">
          <methods>
            <method name="MoveNext" signature="()" line-rate="1" branch-rate="0.75" complexity="4">
              <lines>
                <line number="71" hits="3" branch="False" />
                <line number="72" hits="3" branch="False" />
                <line number="73" hits="3" branch="False" />
                <line number="76" hits="15" branch="True" condition-coverage="100% (2/2)">
                  <conditions>
                    <condition number="415" type="jump" coverage="100%" />
                  </conditions>
                </line>
                <line number="77" hits="3" branch="False" />
                <line number="78" hits="3" branch="False" />
                <line number="80" hits="3" branch="True" condition-coverage="50% (1/2)">
                  <conditions>
                    <condition number="352" type="jump" coverage="50%" />
                  </conditions>
                </line>
                <line number="81" hits="3" branch="False" />
                <line number="83" hits="3" branch="False" />
                <line number="84" hits="3" branch="False" />
              </lines>
            </method>
          </methods>
          <lines>
            <line number="71" hits="3" branch="False" />
            <line number="72" hits="3" branch="False" />
            <line number="73" hits="3" branch="False" />
            <line number="76" hits="15" branch="True" condition-coverage="100% (2/2)">
              <conditions>
                <condition number="415" type="jump" coverage="100%" />
              </conditions>
            </line>
            <line number="77" hits="3" branch="False" />
            <line number="78" hits="3" branch="False" />
            <line number="80" hits="3" branch="True" condition-coverage="50% (1/2)">
              <conditions>
                <condition number="352" type="jump" coverage="50%" />
              </conditions>
            </line>
            <line number="81" hits="3" branch="False" />
            <line number="83" hits="3" branch="False" />
            <line number="84" hits="3" branch="False" />
          </lines>
        </class>
        <class name="HabitTracker.Services.AuthService" filename="AuthService.cs" line-rate="1" branch-rate="1" complexity="3">
          <methods>
            <method name="HashPassword" signature="(System.String)" line-rate="1" branch-rate="1" complexity="1">
              <lines>
                <line number="65" hits="11" branch="False" />
              </lines>
            </method>
            <method name="VerifyPassword" signature="(System.String,System.String)" line-rate="1" branch-rate="1" complexity="1">
              <lines>
                <line number="68" hits="5" branch="False" />
              </lines>
            </method>
            <method name=".ctor" signature="(HabitTracker.Core.Interfaces.IUserRepository)" line-rate="1" branch-rate="1" complexity="1">
              <lines>
                <line number="10" hits="19" branch="False" />
                <line number="11" hits="19" branch="False" />
                <line number="12" hits="19" branch="False" />
                <line number="13" hits="19" branch="False" />
              </lines>
            </method>
          </methods>
          <lines>
            <line number="65" hits="11" branch="False" />
            <line number="68" hits="5" branch="False" />
            <line number="10" hits="19" branch="False" />
            <line number="11" hits="19" branch="False" />
            <line number="12" hits="19" branch="False" />
            <line number="13" hits="19" branch="False" />
          </lines>
        </class>
        <class name="HabitTracker.Services.AuthService/&lt;LoginAsync&gt;d__3" filename="AuthService.cs" line-rate="1" branch-rate="1" complexity="8">
          <methods>
            <method name="MoveNext" signature="()" line-rate="1" branch-rate="1" complexity="8">
              <lines>
                <line number="47" hits="6" branch="False" />
                <line number="48" hits="6" branch="True" condition-coverage="100% (2/2)">
                  <conditions>
                    <condition number="31" type="jump" coverage="100%" />
                  </conditions>
                </line>
                <line number="49" hits="1" branch="False" />
                <line number="51" hits="5" branch="True" condition-coverage="100% (2/2)">
                  <conditions>
                    <condition number="64" type="jump" coverage="100%" />
                  </conditions>
                </line>
                <line number="52" hits="1" branch="False" />
                <line number="54" hits="4" branch="False" />
                <line number="55" hits="4" branch="True" condition-coverage="100% (2/2)">
                  <conditions>
                    <condition number="242" type="jump" coverage="100%" />
                  </conditions>
                </line>
                <line number="56" hits="1" branch="False" />
                <line number="58" hits="3" branch="True" condition-coverage="100% (2/2)">
                  <conditions>
                    <condition number="294" type="jump" coverage="100%" />
                  </conditions>
                </line>
                <line number="59" hits="1" branch="False" />
                <line number="61" hits="2" branch="False" />
                <line number="62" hits="6" branch="False" />
              </lines>
            </method>
          </methods>
          <lines>
            <line number="47" hits="6" branch="False" />
            <line number="48" hits="6" branch="True" condition-coverage="100% (2/2)">
              <conditions>
                <condition number="31" type="jump" coverage="100%" />
              </conditions>
            </line>
            <line number="49" hits="1" branch="False" />
            <line number="51" hits="5" branch="True" condition-coverage="100% (2/2)">
              <conditions>
                <condition number="64" type="jump" coverage="100%" />
              </conditions>
            </line>
            <line number="52" hits="1" branch="False" />
            <line number="54" hits="4" branch="False" />
            <line number="55" hits="4" branch="True" condition-coverage="100% (2/2)">
              <conditions>
                <condition number="242" type="jump" coverage="100%" />
              </conditions>
            </line>
            <line number="56" hits="1" branch="False" />
            <line number="58" hits="3" branch="True" condition-coverage="100% (2/2)">
              <conditions>
                <condition number="294" type="jump" coverage="100%" />
              </conditions>
            </line>
            <line number="59" hits="1" branch="False" />
            <line number="61" hits="2" branch="False" />
            <line number="62" hits="6" branch="False" />
          </lines>
        </class>
        <class name="HabitTracker.Services.AuthService/&lt;RegisterAsync&gt;d__2" filename="AuthService.cs" line-rate="1" branch-rate="1" complexity="10">
          <methods>
            <method name="MoveNext" signature="()" line-rate="1" branch-rate="1" complexity="10">
              <lines>
                <line number="17" hits="9" branch="False" />
                <line number="18" hits="9" branch="True" condition-coverage="100% (2/2)">
                  <conditions>
                    <condition number="42" type="jump" coverage="100%" />
                  </conditions>
                </line>
                <line number="19" hits="2" branch="False" />
                <line number="21" hits="7" branch="True" condition-coverage="100% (2/2)">
                  <conditions>
                    <condition number="75" type="jump" coverage="100%" />
                  </conditions>
                </line>
                <line number="22" hits="1" branch="False" />
                <line number="24" hits="6" branch="True" condition-coverage="100% (2/2)">
                  <conditions>
                    <condition number="113" type="jump" coverage="100%" />
                  </conditions>
                </line>
                <line number="25" hits="1" branch="False" />
                <line number="27" hits="5" branch="True" condition-coverage="100% (2/2)">
                  <conditions>
                    <condition number="148" type="jump" coverage="100%" />
                  </conditions>
                </line>
                <line number="28" hits="1" branch="False" />
                <line number="30" hits="4" branch="True" condition-coverage="100% (2/2)">
                  <conditions>
                    <condition number="299" type="jump" coverage="100%" />
                  </conditions>
                </line>
                <line number="31" hits="1" branch="False" />
                <line number="33" hits="3" branch="False" />
                <line number="34" hits="3" branch="False" />
                <line number="35" hits="3" branch="False" />
                <line number="36" hits="3" branch="False" />
                <line number="37" hits="3" branch="False" />
                <line number="38" hits="3" branch="False" />
                <line number="39" hits="3" branch="False" />
                <line number="41" hits="3" branch="False" />
                <line number="42" hits="3" branch="False" />
                <line number="43" hits="9" branch="False" />
              </lines>
            </method>
          </methods>
          <lines>
            <line number="17" hits="9" branch="False" />
            <line number="18" hits="9" branch="True" condition-coverage="100% (2/2)">
              <conditions>
                <condition number="42" type="jump" coverage="100%" />
              </conditions>
            </line>
            <line number="19" hits="2" branch="False" />
            <line number="21" hits="7" branch="True" condition-coverage="100% (2/2)">
              <conditions>
                <condition number="75" type="jump" coverage="100%" />
              </conditions>
            </line>
            <line number="22" hits="1" branch="False" />
            <line number="24" hits="6" branch="True" condition-coverage="100% (2/2)">
              <conditions>
                <condition number="113" type="jump" coverage="100%" />
              </conditions>
            </line>
            <line number="25" hits="1" branch="False" />
            <line number="27" hits="5" branch="True" condition-coverage="100% (2/2)">
              <conditions>
                <condition number="148" type="jump" coverage="100%" />
              </conditions>
            </line>
            <line number="28" hits="1" branch="False" />
            <line number="30" hits="4" branch="True" condition-coverage="100% (2/2)">
              <conditions>
                <condition number="299" type="jump" coverage="100%" />
              </conditions>
            </line>
            <line number="31" hits="1" branch="False" />
            <line number="33" hits="3" branch="False" />
            <line number="34" hits="3" branch="False" />
            <line number="35" hits="3" branch="False" />
            <line number="36" hits="3" branch="False" />
            <line number="37" hits="3" branch="False" />
            <line number="38" hits="3" branch="False" />
            <line number="39" hits="3" branch="False" />
            <line number="41" hits="3" branch="False" />
            <line number="42" hits="3" branch="False" />
            <line number="43" hits="9" branch="False" />
          </lines>
        </class>
        <class name="HabitTracker.Services.HabitService" filename="HabitService.cs" line-rate="1" branch-rate="1" complexity="1">
          <methods>
            <method name=".ctor" signature="(HabitTracker.Core.Interfaces.IHabitRepository,HabitTracker.Core.Interfaces.IHabitEntryRepository,HabitTracker.Core.Interfaces.IHabitScheduleRepository)" line-rate="1" branch-rate="1" complexity="1">
              <lines>
                <line number="12" hits="18" branch="False" />
                <line number="13" hits="18" branch="False" />
                <line number="14" hits="18" branch="False" />
                <line number="15" hits="18" branch="False" />
                <line number="16" hits="18" branch="False" />
                <line number="17" hits="18" branch="False" />
                <line number="18" hits="18" branch="False" />
                <line number="19" hits="18" branch="False" />
                <line number="20" hits="18" branch="False" />
              </lines>
            </method>
          </methods>
          <lines>
            <line number="12" hits="18" branch="False" />
            <line number="13" hits="18" branch="False" />
            <line number="14" hits="18" branch="False" />
            <line number="15" hits="18" branch="False" />
            <line number="16" hits="18" branch="False" />
            <line number="17" hits="18" branch="False" />
            <line number="18" hits="18" branch="False" />
            <line number="19" hits="18" branch="False" />
            <line number="20" hits="18" branch="False" />
          </lines>
        </class>
        <class name="HabitTracker.Services.HabitService/&lt;CreateHabitAsync&gt;d__5" filename="HabitService.cs" line-rate="1" branch-rate="1" complexity="8">
          <methods>
            <method name="MoveNext" signature="()" line-rate="1" branch-rate="1" complexity="8">
              <lines>
                <line number="27" hits="6" branch="False" />
                <line number="28" hits="6" branch="True" condition-coverage="100% (2/2)">
                  <conditions>
                    <condition number="42" type="jump" coverage="100%" />
                  </conditions>
                </line>
                <line number="29" hits="2" branch="False" />
                <line number="31" hits="4" branch="True" condition-coverage="100% (4/4)">
                  <conditions>
                    <condition number="100" type="jump" coverage="100%" />
                    <condition number="112" type="jump" coverage="100%" />
                  </conditions>
                </line>
                <line number="32" hits="4" branch="False" />
                <line number="33" hits="4" branch="False" />
                <line number="34" hits="4" branch="False" />
                <line number="35" hits="4" branch="False" />
                <line number="36" hits="4" branch="False" />
                <line number="37" hits="4" branch="False" />
                <line number="38" hits="4" branch="False" />
                <line number="39" hits="4" branch="False" />
                <line number="41" hits="4" branch="False" />
                <line number="43" hits="16" branch="True" condition-coverage="100% (2/2)">
                  <conditions>
                    <condition number="580" type="jump" coverage="100%" />
                  </conditions>
                </line>
                <line number="44" hits="2" branch="False" />
                <line number="45" hits="2" branch="False" />
                <line number="46" hits="2" branch="False" />
                <line number="47" hits="2" branch="False" />
                <line number="48" hits="2" branch="False" />
                <line number="49" hits="2" branch="False" />
                <line number="50" hits="2" branch="False" />
                <line number="51" hits="2" branch="False" />
                <line number="52" hits="2" branch="False" />
                <line number="53" hits="2" branch="False" />
                <line number="55" hits="4" branch="False" />
                <line number="56" hits="4" branch="False" />
              </lines>
            </method>
          </methods>
          <lines>
            <line number="27" hits="6" branch="False" />
            <line number="28" hits="6" branch="True" condition-coverage="100% (2/2)">
              <conditions>
                <condition number="42" type="jump" coverage="100%" />
              </conditions>
            </line>
            <line number="29" hits="2" branch="False" />
            <line number="31" hits="4" branch="True" condition-coverage="100% (4/4)">
              <conditions>
                <condition number="100" type="jump" coverage="100%" />
                <condition number="112" type="jump" coverage="100%" />
              </conditions>
            </line>
            <line number="32" hits="4" branch="False" />
            <line number="33" hits="4" branch="False" />
            <line number="34" hits="4" branch="False" />
            <line number="35" hits="4" branch="False" />
            <line number="36" hits="4" branch="False" />
            <line number="37" hits="4" branch="False" />
            <line number="38" hits="4" branch="False" />
            <line number="39" hits="4" branch="False" />
            <line number="41" hits="4" branch="False" />
            <line number="43" hits="16" branch="True" condition-coverage="100% (2/2)">
              <conditions>
                <condition number="580" type="jump" coverage="100%" />
              </conditions>
            </line>
            <line number="44" hits="2" branch="False" />
            <line number="45" hits="2" branch="False" />
            <line number="46" hits="2" branch="False" />
            <line number="47" hits="2" branch="False" />
            <line number="48" hits="2" branch="False" />
            <line number="49" hits="2" branch="False" />
            <line number="50" hits="2" branch="False" />
            <line number="51" hits="2" branch="False" />
            <line number="52" hits="2" branch="False" />
            <line number="53" hits="2" branch="False" />
            <line number="55" hits="4" branch="False" />
            <line number="56" hits="4" branch="False" />
          </lines>
        </class>
        <class name="HabitTracker.Services.HabitService/&lt;DeleteHabitAsync&gt;d__7" filename="HabitService.cs" line-rate="1" branch-rate="1" complexity="1">
          <methods>
            <method name="MoveNext" signature="()" line-rate="1" branch-rate="1" complexity="1">
              <lines>
                <line number="62" hits="1" branch="False" />
              </lines>
            </method>
          </methods>
          <lines>
            <line number="62" hits="1" branch="False" />
          </lines>
        </class>
        <class name="HabitTracker.Services.HabitService/&lt;GenerateEntriesForDateAsync&gt;d__8" filename="HabitService.cs" line-rate="1" branch-rate="1" complexity="6">
          <methods>
            <method name="MoveNext" signature="()" line-rate="1" branch-rate="1" complexity="6">
              <lines>
                <line number="65" hits="4" branch="True" condition-coverage="100% (2/2)">
                  <conditions>
                    <condition number="16" type="jump" coverage="100%" />
                  </conditions>
                </line>
                <line number="66" hits="4" branch="False" />
                <line number="67" hits="4" branch="False" />
                <line number="69" hits="18" branch="True" condition-coverage="100% (2/2)">
                  <conditions>
                    <condition number="660" type="jump" coverage="100%" />
                  </conditions>
                </line>
                <line number="70" hits="3" branch="False" />
                <line number="71" hits="3" branch="False" />
                <line number="72" hits="3" branch="False" />
                <line number="74" hits="3" branch="True" condition-coverage="100% (2/2)">
                  <conditions>
                    <condition number="427" type="jump" coverage="100%" />
                  </conditions>
                </line>
                <line number="75" hits="2" branch="False" />
                <line number="76" hits="2" branch="False" />
                <line number="77" hits="2" branch="False" />
                <line number="78" hits="2" branch="False" />
                <line number="79" hits="2" branch="False" />
                <line number="80" hits="2" branch="False" />
                <line number="81" hits="2" branch="False" />
                <line number="82" hits="2" branch="False" />
                <line number="83" hits="2" branch="False" />
                <line number="84" hits="2" branch="False" />
                <line number="85" hits="3" branch="False" />
                <line number="86" hits="4" branch="False" />
              </lines>
            </method>
          </methods>
          <lines>
            <line number="65" hits="4" branch="True" condition-coverage="100% (2/2)">
              <conditions>
                <condition number="16" type="jump" coverage="100%" />
              </conditions>
            </line>
            <line number="66" hits="4" branch="False" />
            <line number="67" hits="4" branch="False" />
            <line number="69" hits="18" branch="True" condition-coverage="100% (2/2)">
              <conditions>
                <condition number="660" type="jump" coverage="100%" />
              </conditions>
            </line>
            <line number="70" hits="3" branch="False" />
            <line number="71" hits="3" branch="False" />
            <line number="72" hits="3" branch="False" />
            <line number="74" hits="3" branch="True" condition-coverage="100% (2/2)">
              <conditions>
                <condition number="427" type="jump" coverage="100%" />
              </conditions>
            </line>
            <line number="75" hits="2" branch="False" />
            <line number="76" hits="2" branch="False" />
            <line number="77" hits="2" branch="False" />
            <line number="78" hits="2" branch="False" />
            <line number="79" hits="2" branch="False" />
            <line number="80" hits="2" branch="False" />
            <line number="81" hits="2" branch="False" />
            <line number="82" hits="2" branch="False" />
            <line number="83" hits="2" branch="False" />
            <line number="84" hits="2" branch="False" />
            <line number="85" hits="3" branch="False" />
            <line number="86" hits="4" branch="False" />
          </lines>
        </class>
        <class name="HabitTracker.Services.HabitService/&lt;GetEntriesForDateAsync&gt;d__9" filename="HabitService.cs" line-rate="1" branch-rate="1" complexity="1">
          <methods>
            <method name="MoveNext" signature="()" line-rate="1" branch-rate="1" complexity="1">
              <lines>
                <line number="89" hits="1" branch="False" />
                <line number="90" hits="1" branch="False" />
                <line number="91" hits="1" branch="False" />
                <line number="92" hits="1" branch="False" />
              </lines>
            </method>
          </methods>
          <lines>
            <line number="89" hits="1" branch="False" />
            <line number="90" hits="1" branch="False" />
            <line number="91" hits="1" branch="False" />
            <line number="92" hits="1" branch="False" />
          </lines>
        </class>
        <class name="HabitTracker.Services.HabitService/&lt;GetEntriesForRangeAsync&gt;d__10" filename="HabitService.cs" line-rate="1" branch-rate="1" complexity="1">
          <methods>
            <method name="MoveNext" signature="()" line-rate="1" branch-rate="1" complexity="1">
              <lines>
                <line number="95" hits="1" branch="False" />
              </lines>
            </method>
          </methods>
          <lines>
            <line number="95" hits="1" branch="False" />
          </lines>
        </class>
        <class name="HabitTracker.Services.HabitService/&lt;GetUserHabitsAsync&gt;d__4" filename="HabitService.cs" line-rate="1" branch-rate="1" complexity="1">
          <methods>
            <method name="MoveNext" signature="()" line-rate="1" branch-rate="1" complexity="1">
              <lines>
                <line number="23" hits="2" branch="False" />
              </lines>
            </method>
          </methods>
          <lines>
            <line number="23" hits="2" branch="False" />
          </lines>
        </class>
        <class name="HabitTracker.Services.HabitService/&lt;ToggleEntryCompletionAsync&gt;d__11" filename="HabitService.cs" line-rate="1" branch-rate="1" complexity="4">
          <methods>
            <method name="MoveNext" signature="()" line-rate="1" branch-rate="1" complexity="4">
              <lines>
                <line number="98" hits="3" branch="False" />
                <line number="99" hits="3" branch="False" />
                <line number="100" hits="3" branch="True" condition-coverage="100% (2/2)">
                  <conditions>
                    <condition number="173" type="jump" coverage="100%" />
                  </conditions>
                </line>
                <line number="101" hits="1" branch="False" />
                <line number="103" hits="2" branch="False" />
                <line number="104" hits="2" branch="True" condition-coverage="100% (2/2)">
                  <conditions>
                    <condition number="229" type="jump" coverage="100%" />
                  </conditions>
                </line>
                <line number="105" hits="2" branch="False" />
                <line number="106" hits="2" branch="False" />
              </lines>
            </method>
          </methods>
          <lines>
            <line number="98" hits="3" branch="False" />
            <line number="99" hits="3" branch="False" />
            <line number="100" hits="3" branch="True" condition-coverage="100% (2/2)">
              <conditions>
                <condition number="173" type="jump" coverage="100%" />
              </conditions>
            </line>
            <line number="101" hits="1" branch="False" />
            <line number="103" hits="2" branch="False" />
            <line number="104" hits="2" branch="True" condition-coverage="100% (2/2)">
              <conditions>
                <condition number="229" type="jump" coverage="100%" />
              </conditions>
            </line>
            <line number="105" hits="2" branch="False" />
            <line number="106" hits="2" branch="False" />
          </lines>
        </class>
        <class name="HabitTracker.Services.HabitService/&lt;UpdateHabitAsync&gt;d__6" filename="HabitService.cs" line-rate="1" branch-rate="1" complexity="1">
          <methods>
            <method name="MoveNext" signature="()" line-rate="1" branch-rate="1" complexity="1">
              <lines>
                <line number="59" hits="1" branch="False" />
              </lines>
            </method>
          </methods>
          <lines>
            <line number="59" hits="1" branch="False" />
          </lines>
        </class>
      </classes>
    </package>
  </packages>
</coverage>